<?xml version="1.0" encoding="UTF-8"?>
<!-- Generated by org.testng.reporters.JUnitReportReporter -->
<testsuite skipped="0" hostname="LAPTOP-TTA77RFG" name="assertion.SoftAssertDemo" tests="1" failures="0" timestamp="25 Sep 2018 08:38:26 GMT" time="25.367" errors="0">
  <testcase name="testLogin" time="25.367" classname="assertion.SoftAssertDemo"/>
</testsuite> <!-- assertion.SoftAssertDemo -->
