<?xml version="1.0" encoding="UTF-8"?>
<!-- Generated by org.testng.reporters.JUnitReportReporter -->
<testsuite skipped="0" hostname="LAPTOP-TTA77RFG" name="propertyFile.DemoProperty" tests="1" failures="0" timestamp="30 Sep 2018 19:16:01 GMT" time="0.015" errors="0">
  <testcase name="getData" time="0.015" classname="propertyFile.DemoProperty"/>
</testsuite> <!-- propertyFile.DemoProperty -->
